# JRE version: Java(TM) SE Runtime Environment (8.0_172-b11) (build 1.8.0_172-b11)
# Java VM: Java HotSpot(TM) 64-Bit Server VM (25.172-b11 mixed mode windows-amd64 compressed oops)
Heap:
 PSYoungGen      total 211456K, used 77399K [0x00000000d5a00000, 0x00000000ec100000, 0x0000000100000000)
  eden space 122880K, 49% used [0x00000000d5a00000,0x00000000d95cc348,0x00000000dd200000)
  from space 88576K, 18% used [0x00000000dd200000,0x00000000de1c9ae0,0x00000000e2880000)
  to   space 120320K, 0% used [0x00000000e4b80000,0x00000000e4b80000,0x00000000ec100000)
 ParOldGen       total 453120K, used 450412K [0x0000000080e00000, 0x000000009c880000, 0x00000000d5a00000)
  object space 453120K, 99% used [0x0000000080e00000,0x000000009c5db1d8,0x000000009c880000)
 Metaspace       used 31675K, capacity 33376K, committed 33664K, reserved 1079296K
  class space    used 4361K, capacity 4692K, committed 4736K, reserved 1048576K
GC Heap History (10 events):
Event: 35.212 GC heap before
{Heap before GC invocations=18 (full 8):
 PSYoungGen      total 153088K, used 114801K [0x00000000d5a00000, 0x00000000e6c80000, 0x0000000100000000)
  eden space 120832K, 95% used [0x00000000d5a00000,0x00000000dca1c628,0x00000000dd000000)
  from space 32256K, 0% used [0x00000000dd000000,0x00000000dd000000,0x00000000def80000)
  to   space 60416K, 0% used [0x00000000e3180000,0x00000000e3180000,0x00000000e6c80000)
 ParOldGen       total 453120K, used 131539K [0x0000000080e00000, 0x000000009c880000, 0x00000000d5a00000)
  object space 453120K, 29% used [0x0000000080e00000,0x0000000088e74e90,0x000000009c880000)
 Metaspace       used 31225K, capacity 32746K, committed 32896K, reserved 1077248K
  class space    used 4320K, capacity 4619K, committed 4736K, reserved 1048576K
Event: 35.242 GC heap after
Heap after GC invocations=18 (full 8):
 PSYoungGen      total 185856K, used 57713K [0x00000000d5a00000, 0x00000000e6a00000, 0x0000000100000000)
  eden space 128000K, 0% used [0x00000000d5a00000,0x00000000d5a00000,0x00000000dd700000)
  from space 57856K, 99% used [0x00000000e3180000,0x00000000e69dc490,0x00000000e6a00000)
  to   space 69632K, 0% used [0x00000000de200000,0x00000000de200000,0x00000000e2600000)
 ParOldGen       total 453120K, used 184052K [0x0000000080e00000, 0x000000009c880000, 0x00000000d5a00000)
  object space 453120K, 40% used [0x0000000080e00000,0x000000008c1bd380,0x000000009c880000)
 Metaspace       used 31225K, capacity 32746K, committed 32896K, reserved 1077248K
  class space    used 4320K, capacity 4619K, committed 4736K, reserved 1048576K
}
Event: 45.090 GC heap before
{Heap before GC invocations=19 (full 8):
 PSYoungGen      total 185856K, used 180220K [0x00000000d5a00000, 0x00000000e6a00000, 0x0000000100000000)
  eden space 128000K, 95% used [0x00000000d5a00000,0x00000000dd1a2cc0,0x00000000dd700000)
  from space 57856K, 99% used [0x00000000e3180000,0x00000000e69dc490,0x00000000e6a00000)
  to   space 69632K, 0% used [0x00000000de200000,0x00000000de200000,0x00000000e2600000)
 ParOldGen       total 453120K, used 184052K [0x0000000080e00000, 0x000000009c880000, 0x00000000d5a00000)
  object space 453120K, 40% used [0x0000000080e00000,0x000000008c1bd380,0x000000009c880000)
 Metaspace       used 31355K, capacity 32908K, committed 33152K, reserved 1077248K
  class space    used 4335K, capacity 4646K, committed 4736K, reserved 1048576K
Event: 45.126 GC heap after
Heap after GC invocations=19 (full 8):
 PSYoungGen      total 203776K, used 58728K [0x00000000d5a00000, 0x00000000e7400000, 0x0000000100000000)
  eden space 134144K, 0% used [0x00000000d5a00000,0x00000000d5a00000,0x00000000ddd00000)
  from space 69632K, 84% used [0x00000000de200000,0x00000000e1b5a300,0x00000000e2600000)
  to   space 77312K, 0% used [0x00000000e2880000,0x00000000e2880000,0x00000000e7400000)
 ParOldGen       total 453120K, used 269335K [0x0000000080e00000, 0x000000009c880000, 0x00000000d5a00000)
  object space 453120K, 59% used [0x0000000080e00000,0x0000000091505d40,0x000000009c880000)
 Metaspace       used 31355K, capacity 32908K, committed 33152K, reserved 1077248K
  class space    used 4335K, capacity 4646K, committed 4736K, reserved 1048576K
}
Event: 55.080 GC heap before
{Heap before GC invocations=20 (full 8):
 PSYoungGen      total 203776K, used 181008K [0x00000000d5a00000, 0x00000000e7400000, 0x0000000100000000)
  eden space 134144K, 91% used [0x00000000d5a00000,0x00000000dd169d90,0x00000000ddd00000)
  from space 69632K, 84% used [0x00000000de200000,0x00000000e1b5a300,0x00000000e2600000)
  to   space 77312K, 0% used [0x00000000e2880000,0x00000000e2880000,0x00000000e7400000)
 ParOldGen       total 453120K, used 269335K [0x0000000080e00000, 0x000000009c880000, 0x00000000d5a00000)
  object space 453120K, 59% used [0x0000000080e00000,0x0000000091505d40,0x000000009c880000)
 Metaspace       used 31543K, capacity 33300K, committed 33408K, reserved 1077248K
  class space    used 4360K, capacity 4690K, committed 4736K, reserved 1048576K
Event: 55.108 GC heap after
Heap after GC invocations=20 (full 8):
 PSYoungGen      total 200192K, used 72973K [0x00000000d5a00000, 0x00000000e8f00000, 0x0000000100000000)
  eden space 122880K, 0% used [0x00000000d5a00000,0x00000000d5a00000,0x00000000dd200000)
  from space 77312K, 94% used [0x00000000e2880000,0x00000000e6fc34a0,0x00000000e7400000)
  to   space 88576K, 0% used [0x00000000dd200000,0x00000000dd200000,0x00000000e2880000)
 ParOldGen       total 453120K, used 340405K [0x0000000080e00000, 0x000000009c880000, 0x00000000d5a00000)
  object space 453120K, 75% used [0x0000000080e00000,0x0000000095a6d560,0x000000009c880000)
 Metaspace       used 31543K, capacity 33300K, committed 33408K, reserved 1077248K
  class space    used 4360K, capacity 4690K, committed 4736K, reserved 1048576K
}
Event: 64.859 GC heap before
{Heap before GC invocations=21 (full 8):
 PSYoungGen      total 200192K, used 182841K [0x00000000d5a00000, 0x00000000e8f00000, 0x0000000100000000)
  eden space 122880K, 89% used [0x00000000d5a00000,0x00000000dc54b140,0x00000000dd200000)
  from space 77312K, 94% used [0x00000000e2880000,0x00000000e6fc34a0,0x00000000e7400000)
  to   space 88576K, 0% used [0x00000000dd200000,0x00000000dd200000,0x00000000e2880000)
 ParOldGen       total 453120K, used 340405K [0x0000000080e00000, 0x000000009c880000, 0x00000000d5a00000)
  object space 453120K, 75% used [0x0000000080e00000,0x0000000095a6d560,0x000000009c880000)
 Metaspace       used 31653K, capacity 33364K, committed 33664K, reserved 1079296K
  class space    used 4360K, capacity 4690K, committed 4736K, reserved 1048576K
Event: 64.893 GC heap after
Heap after GC invocations=21 (full 8):
 PSYoungGen      total 211456K, used 88561K [0x00000000d5a00000, 0x00000000ec100000, 0x0000000100000000)
  eden space 122880K, 0% used [0x00000000d5a00000,0x00000000d5a00000,0x00000000dd200000)
  from space 88576K, 99% used [0x00000000dd200000,0x00000000e287c640,0x00000000e2880000)
  to   space 120320K, 0% used [0x00000000e4b80000,0x00000000e4b80000,0x00000000ec100000)
 ParOldGen       total 453120K, used 385550K [0x0000000080e00000, 0x000000009c880000, 0x00000000d5a00000)
  object space 453120K, 85% used [0x0000000080e00000,0x0000000098683a70,0x000000009c880000)
 Metaspace       used 31653K, capacity 33364K, committed 33664K, reserved 1079296K
  class space    used 4360K, capacity 4690K, committed 4736K, reserved 1048576K
}
Event: 64.893 GC heap before
{Heap before GC invocations=22 (full 9):
 PSYoungGen      total 211456K, used 88561K [0x00000000d5a00000, 0x00000000ec100000, 0x0000000100000000)
  eden space 122880K, 0% used [0x00000000d5a00000,0x00000000d5a00000,0x00000000dd200000)
  from space 88576K, 99% used [0x00000000dd200000,0x00000000e287c640,0x00000000e2880000)
  to   space 120320K, 0% used [0x00000000e4b80000,0x00000000e4b80000,0x00000000ec100000)
 ParOldGen       total 453120K, used 385550K [0x0000000080e00000, 0x000000009c880000, 0x00000000d5a00000)
  object space 453120K, 85% used [0x0000000080e00000,0x0000000098683a70,0x000000009c880000)
 Metaspace       used 31653K, capacity 33364K, committed 33664K, reserved 1079296K
  class space    used 4360K, capacity 4690K, committed 4736K, reserved 1048576K
Event: 65.046 GC heap after
Heap after GC invocations=22 (full 9):
 PSYoungGen      total 211456K, used 16166K [0x00000000d5a00000, 0x00000000ec100000, 0x0000000100000000)
  eden space 122880K, 0% used [0x00000000d5a00000,0x00000000d5a00000,0x00000000dd200000)
  from space 88576K, 18% used [0x00000000dd200000,0x00000000de1c9ae0,0x00000000e2880000)
  to   space 120320K, 0% used [0x00000000e4b80000,0x00000000e4b80000,0x00000000ec100000)
 ParOldGen       total 453120K, used 450412K [0x0000000080e00000, 0x000000009c880000, 0x00000000d5a00000)
  object space 453120K, 99% used [0x0000000080e00000,0x000000009c5db1d8,0x000000009c880000)
 Metaspace       used 31653K, capacity 33364K, committed 33664K, reserved 1079296K
  class space    used 4360K, capacity 4690K, committed 4736K, reserved 1048576K
}

